<?xml version="1.0" encoding="UTF-8"?>
<!-- Generated by org.testng.reporters.JUnitReportReporter -->
<testsuite hostname="vsawant-win8" name="udbtests.CompanyHomeTest" tests="21" failures="1" timestamp="4 Dec 2015 06:43:20 GMT" time="651.623" errors="0">
  <testcase name="verifyCompHomePageNavigation" time="67.617" classname="udbtests.CompanyHomeTest"/>
  <testcase name="verifyFilterFunctionality" time="29.899" classname="udbtests.CompanyHomeTest"/>
  <testcase name="verifyRecordsDisplayedAsPerSelValInDropdown" time="5.910" classname="udbtests.CompanyHomeTest"/>
  <testcase name="verifyCompNameWithNumericData" time="4.275" classname="udbtests.CompanyHomeTest"/>
  <testcase name="verifyShowEntriesDropdownvalues" time="0.061" classname="udbtests.CompanyHomeTest"/>
  <testcase name="verifyFilterFunctionality" time="30.544" classname="udbtests.CompanyHomeTest"/>
  <testcase name="verifySearchOnCompHp" time="1.783" classname="udbtests.CompanyHomeTest"/>
  <testcase name="verifySearchOnCompHp" time="24.440" classname="udbtests.CompanyHomeTest">
    <failure type="java.lang.AssertionError" message="Search functionality does not work on company home page expected [true] but found [false]">
      <![CDATA[java.lang.AssertionError: Search functionality does not work on company home page expected [true] but found [false]
	at org.testng.Assert.fail(Assert.java:94)
	at org.testng.Assert.failNotEquals(Assert.java:496)
	at org.testng.Assert.assertTrue(Assert.java:42)
	at udbtests.CompanyHomeTest.verifySearchOnCompHp(CompanyHomeTest.java:90)
	at sun.reflect.NativeMethodAccessorImpl.invoke0(Native Method)
	at sun.reflect.NativeMethodAccessorImpl.invoke(NativeMethodAccessorImpl.java:57)
	at sun.reflect.DelegatingMethodAccessorImpl.invoke(DelegatingMethodAccessorImpl.java:43)
	at java.lang.reflect.Method.invoke(Method.java:606)
	at org.testng.internal.MethodInvocationHelper.invokeMethod(MethodInvocationHelper.java:85)
	at org.testng.internal.Invoker.invokeMethod(Invoker.java:639)
	at org.testng.internal.Invoker.invokeTestMethod(Invoker.java:821)
	at org.testng.internal.Invoker.invokeTestMethods(Invoker.java:1131)
	at org.testng.internal.TestMethodWorker.invokeTestMethods(TestMethodWorker.java:124)
	at org.testng.internal.TestMethodWorker.run(TestMethodWorker.java:108)
	at org.testng.TestRunner.privateRun(TestRunner.java:773)
	at org.testng.TestRunner.run(TestRunner.java:623)
	at org.testng.SuiteRunner.runTest(SuiteRunner.java:357)
	at org.testng.SuiteRunner.runSequentially(SuiteRunner.java:352)
	at org.testng.SuiteRunner.privateRun(SuiteRunner.java:310)
	at org.testng.SuiteRunner.run(SuiteRunner.java:259)
	at org.testng.SuiteRunnerWorker.runSuite(SuiteRunnerWorker.java:52)
	at org.testng.SuiteRunnerWorker.run(SuiteRunnerWorker.java:86)
	at org.testng.TestNG.runSuitesSequentially(TestNG.java:1185)
	at org.testng.TestNG.runSuitesLocally(TestNG.java:1110)
	at org.testng.TestNG.run(TestNG.java:1018)
	at org.testng.remote.RemoteTestNG.run(RemoteTestNG.java:111)
	at org.testng.remote.RemoteTestNG.initAndRun(RemoteTestNG.java:204)
	at org.testng.remote.RemoteTestNG.main(RemoteTestNG.java:175)
]]>
    </failure>
  </testcase> <!-- verifySearchOnCompHp -->
  <testcase name="verifyAllColumnsDisplayedOnCompHp" time="6.787" classname="udbtests.CompanyHomeTest"/>
  <testcase name="verifyDiffPageNavLinkWorks" time="9.572" classname="udbtests.CompanyHomeTest"/>
  <testcase name="verifyDefaultNumberOfRecordsDispOnCompHp" time="0.009" classname="udbtests.CompanyHomeTest"/>
  <testcase name="verifyFilterFunctionality" time="16.813" classname="udbtests.CompanyHomeTest"/>
  <testcase name="verifyCompHomePageNavigation" time="57.951" classname="udbtests.CompanyHomeTest"/>
  <testcase name="verifySearchOnCompHp" time="36.955" classname="udbtests.CompanyHomeTest"/>
  <testcase name="verifySearchOnCompHp" time="93.081" classname="udbtests.CompanyHomeTest"/>
  <testcase name="verifyCompHomePageNavigation" time="60.176" classname="udbtests.CompanyHomeTest"/>
  <testcase name="verifySearchOnCompHp" time="102.780" classname="udbtests.CompanyHomeTest"/>
  <testcase name="verifyDefaultSelectedValueOfShowEntiresDropdown" time="0.026" classname="udbtests.CompanyHomeTest"/>
  <testcase name="verifyCompHomePageNavigation" time="55.880" classname="udbtests.CompanyHomeTest"/>
  <testcase name="verifySearchOnCompHp" time="33.689" classname="udbtests.CompanyHomeTest"/>
  <testcase name="verifyDefaultFilterWorksOnCompHp" time="13.375" classname="udbtests.CompanyHomeTest"/>
</testsuite> <!-- udbtests.CompanyHomeTest -->
