<?xml version="1.0" encoding="UTF-8"?>
<testsuite name=" Regression Test on UDB"
           tests="21"
           failures="1"
           errors="0"
           skipped="0"
           time="651.623">
  <properties />
            <testcase name="verifySearchOnCompHp" time="24.440" classname="udbtests.CompanyHomeTest">
                <failure type="java.lang.AssertionError"
                  message="Search functionality does not work on company home page expected [true] but found [false]"
              >
<![CDATA[java.lang.AssertionError: Search functionality does not work on company home page expected [true] but found [false]
  org.testng.Assert.fail(Assert.java:94)
  org.testng.Assert.failNotEquals(Assert.java:496)
  org.testng.Assert.assertTrue(Assert.java:42)
  udbtests.CompanyHomeTest.verifySearchOnCompHp(CompanyHomeTest.java:90)
  sun.reflect.NativeMethodAccessorImpl.invoke0(Native Method)
  sun.reflect.NativeMethodAccessorImpl.invoke(NativeMethodAccessorImpl.java:57)
  sun.reflect.DelegatingMethodAccessorImpl.invoke(DelegatingMethodAccessorImpl.java:43)
  java.lang.reflect.Method.invoke(Method.java:606)
  org.testng.internal.MethodInvocationHelper.invokeMethod(MethodInvocationHelper.java:85)
  org.testng.internal.Invoker.invokeMethod(Invoker.java:639)
  org.testng.internal.Invoker.invokeTestMethod(Invoker.java:821)
  org.testng.internal.Invoker.invokeTestMethods(Invoker.java:1131)
  org.testng.internal.TestMethodWorker.invokeTestMethods(TestMethodWorker.java:124)
  org.testng.internal.TestMethodWorker.run(TestMethodWorker.java:108)
  org.testng.TestRunner.privateRun(TestRunner.java:773)
  org.testng.TestRunner.run(TestRunner.java:623)
  org.testng.SuiteRunner.runTest(SuiteRunner.java:357)
  org.testng.SuiteRunner.runSequentially(SuiteRunner.java:352)
  org.testng.SuiteRunner.privateRun(SuiteRunner.java:310)
  org.testng.SuiteRunner.run(SuiteRunner.java:259)
  org.testng.SuiteRunnerWorker.runSuite(SuiteRunnerWorker.java:52)
  org.testng.SuiteRunnerWorker.run(SuiteRunnerWorker.java:86)
  org.testng.TestNG.runSuitesSequentially(TestNG.java:1185)
  org.testng.TestNG.runSuitesLocally(TestNG.java:1110)
  org.testng.TestNG.run(TestNG.java:1018)
  org.testng.remote.RemoteTestNG.run(RemoteTestNG.java:111)
  org.testng.remote.RemoteTestNG.initAndRun(RemoteTestNG.java:204)
  org.testng.remote.RemoteTestNG.main(RemoteTestNG.java:175)
]]>
      </failure>

          </testcase>
  
  
            <testcase name="verifyDiffPageNavLinkWorks" time="9.572" classname="udbtests.CompanyHomeTest" />
                <testcase name="verifyFilterFunctionality" time="29.899" classname="udbtests.CompanyHomeTest" />
                <testcase name="verifyCompHomePageNavigation" time="55.880" classname="udbtests.CompanyHomeTest" />
                <testcase name="verifyCompHomePageNavigation" time="60.176" classname="udbtests.CompanyHomeTest" />
                <testcase name="verifySearchOnCompHp" time="36.955" classname="udbtests.CompanyHomeTest" />
                <testcase name="verifySearchOnCompHp" time="93.081" classname="udbtests.CompanyHomeTest" />
                <testcase name="verifyFilterFunctionality" time="30.544" classname="udbtests.CompanyHomeTest" />
                <testcase name="verifyDefaultSelectedValueOfShowEntiresDropdown" time="0.026" classname="udbtests.CompanyHomeTest" />
                <testcase name="verifyCompHomePageNavigation" time="67.617" classname="udbtests.CompanyHomeTest" />
                <testcase name="verifySearchOnCompHp" time="33.689" classname="udbtests.CompanyHomeTest" />
                <testcase name="verifySearchOnCompHp" time="1.783" classname="udbtests.CompanyHomeTest" />
                <testcase name="verifySearchOnCompHp" time="102.780" classname="udbtests.CompanyHomeTest" />
                <testcase name="verifyDefaultNumberOfRecordsDispOnCompHp" time="0.009" classname="udbtests.CompanyHomeTest" />
                <testcase name="verifyShowEntriesDropdownvalues" time="0.061" classname="udbtests.CompanyHomeTest" />
                <testcase name="verifyFilterFunctionality" time="16.813" classname="udbtests.CompanyHomeTest" />
                <testcase name="verifyAllColumnsDisplayedOnCompHp" time="6.787" classname="udbtests.CompanyHomeTest" />
                <testcase name="verifyDefaultFilterWorksOnCompHp" time="13.375" classname="udbtests.CompanyHomeTest" />
                <testcase name="verifyCompNameWithNumericData" time="4.275" classname="udbtests.CompanyHomeTest" />
                <testcase name="verifyCompHomePageNavigation" time="57.951" classname="udbtests.CompanyHomeTest" />
                <testcase name="verifyRecordsDisplayedAsPerSelValInDropdown" time="5.910" classname="udbtests.CompanyHomeTest" />
      
</testsuite>
