<!DOCTYPE html PUBLIC "-//W3C//DTD XHTML 1.1//EN" "http://www.w3.org/TR/xhtml11/DTD/xhtml11.dtd">
<html xmlns="http://www.w3.org/1999/xhtml"><head><title>TestNG Report</title><style type="text/css">table {margin-bottom:10px;border-collapse:collapse;empty-cells:show}th,td {border:1px solid #009;padding:.25em .5em}th {vertical-align:bottom}td {vertical-align:top}table a {font-weight:bold}.stripe td {background-color: #E6EBF9}.num {text-align:right}.passedodd td {background-color: #3F3}.passedeven td {background-color: #0A0}.skippedodd td {background-color: #DDD}.skippedeven td {background-color: #CCC}.failedodd td,.attn {background-color: #F33}.failedeven td,.stripe .attn {background-color: #D00}.stacktrace {white-space:pre;font-family:monospace}.totop {font-size:85%;text-align:center;border-bottom:2px solid #000}</style></head><body><table><tr><th>Test</th><th># Passed</th><th># Skipped</th><th># Failed</th><th>Time (ms)</th><th>Included Groups</th><th>Excluded Groups</th></tr><tr><th colspan="7">Suite</th></tr><tr><td><a href="#t0"> Regression Test on UDB</a></td><td class="num">0</td><td class="num attn">27</td><td class="num attn">4</td><td class="num">49,567</td><td></td><td></td></tr></table><table><thead><tr><th>Class</th><th>Method</th><th>Start</th><th>Time (ms)</th></tr></thead><tbody><tr><th colspan="4">Suite</th></tr></tbody><tbody id="t0"><tr><th colspan="4"> Regression Test on UDB &#8212; failed (configuration methods)</th></tr><tr class="failedeven"><td rowspan="1">udbtests.AdminRoleGroupTest</td><td><a href="#m0">setupAfterSuite</a></td><td rowspan="1">1451977516877</td><td rowspan="1">0</td></tr><tr><th colspan="4"> Regression Test on UDB &#8212; failed</th></tr><tr class="failedeven"><td rowspan="4">udbtests.AdminRoleGroupTest</td><td><a href="#m1">verifyCreateNewGroup</a></td><td rowspan="1">1451977516797</td><td rowspan="1">1</td></tr><tr class="failedeven"><td><a href="#m2">verifyDeleteGroupFunctionality</a></td><td rowspan="1">1451977516845</td><td rowspan="1">0</td></tr><tr class="failedeven"><td><a href="#m3">verifyEditGroupFunctionality</a></td><td rowspan="1">1451977516814</td><td rowspan="1">0</td></tr><tr class="failedeven"><td><a href="#m4">verifyRoleGroupPgDisp</a></td><td rowspan="1">1451977479275</td><td rowspan="1">37488</td></tr><tr><th colspan="4"> Regression Test on UDB &#8212; skipped</th></tr><tr class="skippedeven"><td rowspan="27">udbtests.AdminUserTest</td><td><a href="#m5">verifyAdminUserPgNav</a></td><td rowspan="4">1451977520450</td><td rowspan="4">0</td></tr><tr class="skippedeven"><td><a href="#m6">verifyAdminUserPgNav</a></td></tr><tr class="skippedeven"><td><a href="#m7">verifyAdminUserPgNav</a></td></tr><tr class="skippedeven"><td><a href="#m8">verifyAdminUserPgNav</a></td></tr><tr class="skippedeven"><td><a href="#m9">verifyDefaultFilterWorksOnPersonHp</a></td><td rowspan="1">1451977520466</td><td rowspan="1">0</td></tr><tr class="skippedeven"><td><a href="#m10">verifyDefaultNumberOfRecordsDispOnAdminUserHp</a></td><td rowspan="1">1451977520450</td><td rowspan="1">0</td></tr><tr class="skippedeven"><td><a href="#m11">verifyDefaultSelectedValueOfShowEntiresDropdown</a></td><td rowspan="1">1451977520450</td><td rowspan="1">0</td></tr><tr class="skippedeven"><td><a href="#m12">verifyDiffColsOnAdminUserPg</a></td><td rowspan="1">1451977520449</td><td rowspan="1">0</td></tr><tr class="skippedeven"><td><a href="#m13">verifyDiffPageNavLinkWorks</a></td><td rowspan="1">1451977520450</td><td rowspan="1">0</td></tr><tr class="skippedeven"><td><a href="#m14">verifyFilterFunctionality</a></td><td rowspan="7">1451977520466</td><td rowspan="7">0</td></tr><tr class="skippedeven"><td><a href="#m15">verifyFilterFunctionality</a></td></tr><tr class="skippedeven"><td><a href="#m16">verifyFilterFunctionality</a></td></tr><tr class="skippedeven"><td><a href="#m17">verifyFilterFunctionality</a></td></tr><tr class="skippedeven"><td><a href="#m18">verifyFilterFunctionality</a></td></tr><tr class="skippedeven"><td><a href="#m19">verifyFilterFunctionality</a></td></tr><tr class="skippedeven"><td><a href="#m20">verifyFilterFunctionality</a></td></tr><tr class="skippedeven"><td><a href="#m21">verifyRecordsDisplayedAsPerSelValInDropdown</a></td><td rowspan="1">1451977520450</td><td rowspan="1">0</td></tr><tr class="skippedeven"><td><a href="#m22">verifySearchOnAdminUserHp</a></td><td rowspan="8">1451977520450</td><td rowspan="8">0</td></tr><tr class="skippedeven"><td><a href="#m23">verifySearchOnAdminUserHp</a></td></tr><tr class="skippedeven"><td><a href="#m24">verifySearchOnAdminUserHp</a></td></tr><tr class="skippedeven"><td><a href="#m25">verifySearchOnAdminUserHp</a></td></tr><tr class="skippedeven"><td><a href="#m26">verifySearchOnAdminUserHp</a></td></tr><tr class="skippedeven"><td><a href="#m27">verifySearchOnAdminUserHp</a></td></tr><tr class="skippedeven"><td><a href="#m28">verifySearchOnAdminUserHp</a></td></tr><tr class="skippedeven"><td><a href="#m29">verifySearchOnAdminUserHp</a></td></tr><tr class="skippedeven"><td><a href="#m30">verifyShowEntriesDropdownvalues</a></td><td rowspan="1">1451977520450</td><td rowspan="1">0</td></tr><tr class="skippedeven"><td><a href="#m31">verifyUserAdminPgDisp</a></td><td rowspan="1">1451977520447</td><td rowspan="1">0</td></tr></tbody></table><h2> Regression Test on UDB</h2><h3 id="m0">udbtests.AdminRoleGroupTest#setupAfterSuite</h3><table class="result"><tr><th>Exception</th></tr><tr><td><div class="stacktrace">org.openqa.selenium.NoSuchWindowException: Unable to get browser (WARNING: The server did not provide any stacktrace information)
Command duration or timeout: 15 milliseconds
Build info: version: &apos;2.48.2&apos;, revision: &apos;41bccdd10cf2c0560f637404c2d96164b67d9d67&apos;, time: &apos;2015-10-09 13:08:06&apos;
System info: host: &apos;vsawant-win8&apos;, ip: &apos;172.27.142.77&apos;, os.name: &apos;Windows 8.1&apos;, os.arch: &apos;amd64&apos;, os.version: &apos;6.3&apos;, java.version: &apos;1.7.0_79&apos;
Session ID: c5f149fb-96e5-4d9d-a29d-06fa27a3c78e
Driver info: org.openqa.selenium.ie.InternetExplorerDriver
Capabilities [{platform=WINDOWS, javascriptEnabled=true, elementScrollBehavior=0, ignoreZoomSetting=false, enablePersistentHover=true, ie.ensureCleanSession=false, browserName=internet explorer, enableElementCacheCleanup=true, unexpectedAlertBehaviour=dismiss, version=11, pageLoadStrategy=normal, ie.usePerProcessProxy=false, cssSelectorsEnabled=true, ignoreProtectedModeSettings=false, requireWindowFocus=false, initialBrowserUrl=http://localhost:42154/, handlesAlerts=true, ie.forceCreateProcessApi=false, nativeEvents=true, browserAttachTimeout=0, ie.browserCommandLineSwitches=, takesScreenshot=true}]
	at org.openqa.selenium.remote.ErrorHandler.createThrowable(ErrorHandler.java:206)
	at org.openqa.selenium.remote.ErrorHandler.throwIfResponseFailed(ErrorHandler.java:158)
	at org.openqa.selenium.remote.RemoteWebDriver.execute(RemoteWebDriver.java:647)
	at org.openqa.selenium.remote.RemoteWebDriver.execute(RemoteWebDriver.java:670)
	at org.openqa.selenium.remote.RemoteWebDriver$RemoteWebDriverOptions.deleteAllCookies(RemoteWebDriver.java:742)
	at base.LaunchBrowser.setupAfterSuite(LaunchBrowser.java:83)
... Removed 28 stack frames</div></td></tr></table><p class="totop"><a href="#summary">back to summary</a></p><h3 id="m1">udbtests.AdminRoleGroupTest#verifyCreateNewGroup</h3><table class="result"><tr><th>Exception</th></tr><tr><td><div class="stacktrace">java.lang.NullPointerException
	at udbtests.AdminRoleGroupTest.verifyCreateNewGroup(AdminRoleGroupTest.java:115)
... Removed 24 stack frames</div></td></tr></table><p class="totop"><a href="#summary">back to summary</a></p><h3 id="m2">udbtests.AdminRoleGroupTest#verifyDeleteGroupFunctionality</h3><table class="result"><tr><th>Exception</th></tr><tr><td><div class="stacktrace">java.lang.NullPointerException
	at udbtests.AdminRoleGroupTest.verifyDeleteGroupFunctionality(AdminRoleGroupTest.java:178)
... Removed 24 stack frames</div></td></tr></table><p class="totop"><a href="#summary">back to summary</a></p><h3 id="m3">udbtests.AdminRoleGroupTest#verifyEditGroupFunctionality</h3><table class="result"><tr><th>Exception</th></tr><tr><td><div class="stacktrace">java.lang.NullPointerException
	at udbtests.AdminRoleGroupTest.verifyEditGroupFunctionality(AdminRoleGroupTest.java:170)
... Removed 24 stack frames</div></td></tr></table><p class="totop"><a href="#summary">back to summary</a></p><h3 id="m4">udbtests.AdminRoleGroupTest#verifyRoleGroupPgDisp</h3><table class="result"><tr><th>Exception</th></tr><tr><td><div class="stacktrace">org.openqa.selenium.TimeoutException: Timed out after 8 seconds waiting for element to be clickable: By.xpath: //div[contains(text(), &apos;Admin&apos;)]
Build info: version: &apos;2.48.2&apos;, revision: &apos;41bccdd10cf2c0560f637404c2d96164b67d9d67&apos;, time: &apos;2015-10-09 13:08:06&apos;
System info: host: &apos;vsawant-win8&apos;, ip: &apos;172.27.142.77&apos;, os.name: &apos;Windows 8.1&apos;, os.arch: &apos;amd64&apos;, os.version: &apos;6.3&apos;, java.version: &apos;1.7.0_79&apos;
Session ID: c5f149fb-96e5-4d9d-a29d-06fa27a3c78e
Driver info: org.openqa.selenium.ie.InternetExplorerDriver
Capabilities [{platform=WINDOWS, javascriptEnabled=true, elementScrollBehavior=0, ignoreZoomSetting=false, enablePersistentHover=true, ie.ensureCleanSession=false, browserName=internet explorer, enableElementCacheCleanup=true, unexpectedAlertBehaviour=dismiss, version=11, pageLoadStrategy=normal, ie.usePerProcessProxy=false, cssSelectorsEnabled=true, ignoreProtectedModeSettings=false, requireWindowFocus=false, initialBrowserUrl=http://localhost:42154/, handlesAlerts=true, ie.forceCreateProcessApi=false, nativeEvents=true, browserAttachTimeout=0, ie.browserCommandLineSwitches=, takesScreenshot=true}]
	at org.openqa.selenium.support.ui.WebDriverWait.timeoutException(WebDriverWait.java:80)
	at org.openqa.selenium.support.ui.FluentWait.until(FluentWait.java:261)
	at pageobjects.HomePage.clickOnAdminRoleGroup(HomePage.java:58)
	at udbtests.AdminRoleGroupTest.verifyRoleGroupPgDisp(AdminRoleGroupTest.java:24)
Caused by: org.openqa.selenium.NoSuchElementException: Unable to find element with xpath == //div[contains(text(), &apos;Admin&apos;)] (WARNING: The server did not provide any stacktrace information)
Command duration or timeout: 35.15 seconds
For documentation on this error, please visit: http://seleniumhq.org/exceptions/no_such_element.html
Build info: version: &apos;2.48.2&apos;, revision: &apos;41bccdd10cf2c0560f637404c2d96164b67d9d67&apos;, time: &apos;2015-10-09 13:08:06&apos;
System info: host: &apos;vsawant-win8&apos;, ip: &apos;172.27.142.77&apos;, os.name: &apos;Windows 8.1&apos;, os.arch: &apos;amd64&apos;, os.version: &apos;6.3&apos;, java.version: &apos;1.7.0_79&apos;
*** Element info: {Using=xpath, value=//div[contains(text(), &apos;Admin&apos;)]}
Session ID: c5f149fb-96e5-4d9d-a29d-06fa27a3c78e
Driver info: org.openqa.selenium.ie.InternetExplorerDriver
Capabilities [{platform=WINDOWS, javascriptEnabled=true, elementScrollBehavior=0, ignoreZoomSetting=false, enablePersistentHover=true, ie.ensureCleanSession=false, browserName=internet explorer, enableElementCacheCleanup=true, unexpectedAlertBehaviour=dismiss, version=11, pageLoadStrategy=normal, ie.usePerProcessProxy=false, cssSelectorsEnabled=true, ignoreProtectedModeSettings=false, requireWindowFocus=false, initialBrowserUrl=http://localhost:42154/, handlesAlerts=true, ie.forceCreateProcessApi=false, nativeEvents=true, browserAttachTimeout=0, ie.browserCommandLineSwitches=, takesScreenshot=true}]
	at org.openqa.selenium.remote.ErrorHandler.createThrowable(ErrorHandler.java:206)
	at org.openqa.selenium.remote.ErrorHandler.throwIfResponseFailed(ErrorHandler.java:158)
	at org.openqa.selenium.remote.RemoteWebDriver.execute(RemoteWebDriver.java:647)
	at org.openqa.selenium.remote.RemoteWebDriver.findElement(RemoteWebDriver.java:353)
	at org.openqa.selenium.remote.RemoteWebDriver.findElementByXPath(RemoteWebDriver.java:490)
	at org.openqa.selenium.By$ByXPath.findElement(By.java:361)
	at org.openqa.selenium.remote.RemoteWebDriver.findElement(RemoteWebDriver.java:345)
	at org.openqa.selenium.support.ui.ExpectedConditions.findElement(ExpectedConditions.java:911)
	at org.openqa.selenium.support.ui.ExpectedConditions.access$000(ExpectedConditions.java:41)
	at org.openqa.selenium.support.ui.ExpectedConditions$7.apply(ExpectedConditions.java:205)
	at org.openqa.selenium.support.ui.ExpectedConditions$7.apply(ExpectedConditions.java:201)
	at org.openqa.selenium.support.ui.ExpectedConditions$22.apply(ExpectedConditions.java:661)
	at org.openqa.selenium.support.ui.ExpectedConditions$22.apply(ExpectedConditions.java:654)
	at org.openqa.selenium.support.ui.FluentWait.until(FluentWait.java:238)
	... 26 more
... Removed 28 stack frames</div></td></tr></table><p class="totop"><a href="#summary">back to summary</a></p><h3 id="m5">udbtests.AdminUserTest#verifyAdminUserPgNav</h3><table class="result"><tr class="param"><th>Parameter #1</th></tr><tr class="param stripe"><td>100</td></tr></table><p class="totop"><a href="#summary">back to summary</a></p><h3 id="m6">udbtests.AdminUserTest#verifyAdminUserPgNav</h3><table class="result"><tr class="param"><th>Parameter #1</th></tr><tr class="param stripe"><td>10</td></tr></table><p class="totop"><a href="#summary">back to summary</a></p><h3 id="m7">udbtests.AdminUserTest#verifyAdminUserPgNav</h3><table class="result"><tr class="param"><th>Parameter #1</th></tr><tr class="param stripe"><td>50</td></tr></table><p class="totop"><a href="#summary">back to summary</a></p><h3 id="m8">udbtests.AdminUserTest#verifyAdminUserPgNav</h3><table class="result"><tr class="param"><th>Parameter #1</th></tr><tr class="param stripe"><td>25</td></tr></table><p class="totop"><a href="#summary">back to summary</a></p><h3 id="m9">udbtests.AdminUserTest#verifyDefaultFilterWorksOnPersonHp</h3><table class="result"></table><p class="totop"><a href="#summary">back to summary</a></p><h3 id="m10">udbtests.AdminUserTest#verifyDefaultNumberOfRecordsDispOnAdminUserHp</h3><table class="result"></table><p class="totop"><a href="#summary">back to summary</a></p><h3 id="m11">udbtests.AdminUserTest#verifyDefaultSelectedValueOfShowEntiresDropdown</h3><table class="result"></table><p class="totop"><a href="#summary">back to summary</a></p><h3 id="m12">udbtests.AdminUserTest#verifyDiffColsOnAdminUserPg</h3><table class="result"></table><p class="totop"><a href="#summary">back to summary</a></p><h3 id="m13">udbtests.AdminUserTest#verifyDiffPageNavLinkWorks</h3><table class="result"></table><p class="totop"><a href="#summary">back to summary</a></p><h3 id="m14">udbtests.AdminUserTest#verifyFilterFunctionality</h3><table class="result"><tr class="param"><th>Parameter #1</th></tr><tr class="param stripe"><td>filterOnUserId</td></tr></table><p class="totop"><a href="#summary">back to summary</a></p><h3 id="m15">udbtests.AdminUserTest#verifyFilterFunctionality</h3><table class="result"><tr class="param"><th>Parameter #1</th></tr><tr class="param stripe"><td>filterOnLastName</td></tr></table><p class="totop"><a href="#summary">back to summary</a></p><h3 id="m16">udbtests.AdminUserTest#verifyFilterFunctionality</h3><table class="result"><tr class="param"><th>Parameter #1</th></tr><tr class="param stripe"><td>filterOnFirstName</td></tr></table><p class="totop"><a href="#summary">back to summary</a></p><h3 id="m17">udbtests.AdminUserTest#verifyFilterFunctionality</h3><table class="result"><tr class="param"><th>Parameter #1</th></tr><tr class="param stripe"><td>filterOnLastLoginDate</td></tr></table><p class="totop"><a href="#summary">back to summary</a></p><h3 id="m18">udbtests.AdminUserTest#verifyFilterFunctionality</h3><table class="result"><tr class="param"><th>Parameter #1</th></tr><tr class="param stripe"><td>filterOnCreatedDate</td></tr></table><p class="totop"><a href="#summary">back to summary</a></p><h3 id="m19">udbtests.AdminUserTest#verifyFilterFunctionality</h3><table class="result"><tr class="param"><th>Parameter #1</th></tr><tr class="param stripe"><td>filterOnEmail</td></tr></table><p class="totop"><a href="#summary">back to summary</a></p><h3 id="m20">udbtests.AdminUserTest#verifyFilterFunctionality</h3><table class="result"><tr class="param"><th>Parameter #1</th></tr><tr class="param stripe"><td>filterOnCompany</td></tr></table><p class="totop"><a href="#summary">back to summary</a></p><h3 id="m21">udbtests.AdminUserTest#verifyRecordsDisplayedAsPerSelValInDropdown</h3><table class="result"></table><p class="totop"><a href="#summary">back to summary</a></p><h3 id="m22">udbtests.AdminUserTest#verifySearchOnAdminUserHp</h3><table class="result"><tr class="param"><th>Parameter #1</th></tr><tr class="param stripe"><td>byFirstName</td></tr></table><p class="totop"><a href="#summary">back to summary</a></p><h3 id="m23">udbtests.AdminUserTest#verifySearchOnAdminUserHp</h3><table class="result"><tr class="param"><th>Parameter #1</th></tr><tr class="param stripe"><td>byUserId</td></tr></table><p class="totop"><a href="#summary">back to summary</a></p><h3 id="m24">udbtests.AdminUserTest#verifySearchOnAdminUserHp</h3><table class="result"><tr class="param"><th>Parameter #1</th></tr><tr class="param stripe"><td>byCreatedDate</td></tr></table><p class="totop"><a href="#summary">back to summary</a></p><h3 id="m25">udbtests.AdminUserTest#verifySearchOnAdminUserHp</h3><table class="result"><tr class="param"><th>Parameter #1</th></tr><tr class="param stripe"><td>byLast-LoginDate</td></tr></table><p class="totop"><a href="#summary">back to summary</a></p><h3 id="m26">udbtests.AdminUserTest#verifySearchOnAdminUserHp</h3><table class="result"><tr class="param"><th>Parameter #1</th></tr><tr class="param stripe"><td>byPublished-Unpublished</td></tr></table><p class="totop"><a href="#summary">back to summary</a></p><h3 id="m27">udbtests.AdminUserTest#verifySearchOnAdminUserHp</h3><table class="result"><tr class="param"><th>Parameter #1</th></tr><tr class="param stripe"><td>byCompany</td></tr></table><p class="totop"><a href="#summary">back to summary</a></p><h3 id="m28">udbtests.AdminUserTest#verifySearchOnAdminUserHp</h3><table class="result"><tr class="param"><th>Parameter #1</th></tr><tr class="param stripe"><td>byEmail</td></tr></table><p class="totop"><a href="#summary">back to summary</a></p><h3 id="m29">udbtests.AdminUserTest#verifySearchOnAdminUserHp</h3><table class="result"><tr class="param"><th>Parameter #1</th></tr><tr class="param stripe"><td>byLastName</td></tr></table><p class="totop"><a href="#summary">back to summary</a></p><h3 id="m30">udbtests.AdminUserTest#verifyShowEntriesDropdownvalues</h3><table class="result"></table><p class="totop"><a href="#summary">back to summary</a></p><h3 id="m31">udbtests.AdminUserTest#verifyUserAdminPgDisp</h3><table class="result"></table><p class="totop"><a href="#summary">back to summary</a></p></body></html>